<?xml version="1.0" encoding="UTF-8"?>
<!-- Generated by org.testng.reporters.JUnitReportReporter -->
<testsuite hostname="DESKTOP-22LNSHB" name="com.example.demo.NewTest" tests="1" failures="0" timestamp="29 May 2019 03:37:12 GMT" time="0.012" errors="0">
  <testcase name="f" time="0.012" classname="com.example.demo.NewTest"/>
</testsuite> <!-- com.example.demo.NewTest -->
