<?xml version="1.0" encoding="UTF-8"?>
<!-- Generated by org.testng.reporters.JUnitReportReporter -->
<testsuite hostname="DESKTOP-22LNSHB" name="com.EatServiceTest" tests="2" failures="0" timestamp="31 May 2019 04:00:06 GMT" time="0.423" errors="0">
  <testcase name="test1" time="0.417" classname="com.EatServiceTest"/>
  <testcase name="test2" time="0.006" classname="com.EatServiceTest"/>
</testsuite> <!-- com.EatServiceTest -->
