<?xml version="1.0" encoding="UTF-8"?>
<!-- Generated by org.testng.reporters.JUnitReportReporter -->
<testsuite hostname="DESKTOP-22LNSHB" name="com.TestGroup" tests="5" failures="0" timestamp="30 May 2019 03:41:47 GMT" time="0.016" errors="0">
  <testcase name="testConnectOracle" time="0.002" classname="com.TestGroup"/>
  <testcase name="testConnectMsSQL" time="0.001" classname="com.TestGroup"/>
  <testcase name="runSelenium" time="0.011" classname="com.TestGroup"/>
  <testcase name="runSelenium1" time="0.001" classname="com.TestGroup"/>
  <testcase name="runFinal" time="0.001" classname="com.TestGroup"/>
</testsuite> <!-- com.TestGroup -->
