<?xml version="1.0" encoding="UTF-8"?>
<!-- Generated by org.testng.reporters.JUnitReportReporter -->
<testsuite hostname="DESKTOP-22LNSHB" name="com.testng.LoginTest" tests="1" failures="0" timestamp="4 Jul 2019 07:03:38 GMT" time="2.579" errors="0">
  <testcase name="login" time="2.579" classname="com.testng.LoginTest"/>
</testsuite> <!-- com.testng.LoginTest -->
