<?xml version="1.0" encoding="UTF-8"?>
<!-- Generated by org.testng.reporters.JUnitReportReporter -->
<testsuite hostname="DESKTOP-22LNSHB" name="com.testng.LoginTest" tests="1" failures="0" timestamp="19 Jun 2019 09:11:36 GMT" time="1.802" errors="0">
  <testcase name="login" time="1.802" classname="com.testng.LoginTest"/>
</testsuite> <!-- com.testng.LoginTest -->
