<?xml version="1.0" encoding="UTF-8"?>
<!-- Generated by org.testng.reporters.JUnitReportReporter -->
<testsuite hostname="DESKTOP-22LNSHB" name="com.example.demo.testng.TestDBConnection" tests="4" failures="0" timestamp="29 May 2019 03:52:12 GMT" time="0.008" errors="0">
  <testcase name="runOtherTest2" time="0.002" classname="com.example.demo.testng.TestDBConnection"/>
  <testcase name="runOtherTest2" time="0.001" classname="com.example.demo.testng.TestDBConnection"/>
  <testcase name="runOtherTest1" time="0.001" classname="com.example.demo.testng.TestDBConnection"/>
  <testcase name="runOtherTest1" time="0.004" classname="com.example.demo.testng.TestDBConnection"/>
</testsuite> <!-- com.example.demo.testng.TestDBConnection -->
