<?xml version="1.0" encoding="UTF-8"?>
<!-- Generated by org.testng.reporters.JUnitReportReporter -->
<testsuite hostname="DESKTOP-22LNSHB" name="com.example.demo.Test01" tests="1" failures="0" timestamp="4 Jul 2019 08:07:01 GMT" time="0.066" errors="0">
  <testcase name="failedTest" time="0.066" classname="com.example.demo.Test01"/>
</testsuite> <!-- com.example.demo.Test01 -->
